0 info it worked if it ends with ok
1 verbose cli [ '/Users/sam/.nvm/versions/node/v6.3.1/bin/node',
1 verbose cli   '/Users/sam/.nvm/versions/node/v6.3.1/bin/npm',
1 verbose cli   's' ]
2 info using npm@3.10.3
3 info using node@v6.3.1
4 verbose stack Error: search must be called with arguments
4 verbose stack     at EventEmitter.search (/Users/sam/.nvm/versions/node/v6.3.1/lib/node_modules/npm/lib/search.js:57:15)
4 verbose stack     at Object.commandCache.(anonymous function) (/Users/sam/.nvm/versions/node/v6.3.1/lib/node_modules/npm/lib/npm.js:124:13)
4 verbose stack     at EventEmitter.<anonymous> (/Users/sam/.nvm/versions/node/v6.3.1/lib/node_modules/npm/bin/npm-cli.js:73:30)
4 verbose stack     at _combinedTickCallback (internal/process/next_tick.js:67:7)
4 verbose stack     at process._tickCallback (internal/process/next_tick.js:98:9)
5 verbose cwd /Users/sam/Documents/GraceHop/Wikistacks-testing/starting-point
6 error Darwin 15.6.0
7 error argv "/Users/sam/.nvm/versions/node/v6.3.1/bin/node" "/Users/sam/.nvm/versions/node/v6.3.1/bin/npm" "s"
8 error node v6.3.1
9 error npm  v3.10.3
10 error search must be called with arguments
11 error If you need help, you may report this error at:
11 error     <https://github.com/npm/npm/issues>
12 verbose exit [ 1, true ]
